
extDB3: https://bitbucket.org/torndeco/extdb3/wiki/Home
extDB3: Version: 1.033
extDB3: Windows Version
Message: All development for extDB3 is done on a Linux Dedicated Server
Message: If you would like to Donate to extDB3 Development
Message: https://www.paypal.com/cgi-bin/webscr?cmd=_s-xclick&hosted_button_id=2SUEFTGABTAM2
Message: Also leave a message if there is any particular feature you would like to see added.
Message: Thanks for all the people that have donated.
Message: Torndeco: 18/05/15

Message: This version was modified and include some improvement
Message: The lib was recompiled using new version of TBBMalloc, Boost and MariaDB connector
Message: The worker threads limitation was removed
Message: Steez: 30/10/2020


extDB3: Found extdb3-conf.ini
extDB3: Detected 16 Cores, Setting up 6 Worker Threads
extDB3: Detected 16 Cores, Setting up 16 Worker Threads
extDB3: ...
extDB3: ...
extDB3: ...
extDB3: ...
extDB3: ...
extDB3: ...
extDB3: ...
extDB3: ...
extDB3: ...
extDB3: ...
extDB3: ...
extDB3: ...
extDB3: ...
extDB3: ...
extDB3: ...
extDB3: ...


[16:24:09:182128 +01:00] [Thread 12120] extDB3: SQL: Initialized: Add Quotes around TEXT Datatypes mode: 2
[16:24:09:182163 +01:00] [Thread 12120] extDB3: SQL: Initialized: NULL = ""
[16:24:09:182182 +01:00] [Thread 12120] extDB3: Locked
[18:41:12:252106 +01:00] [Thread 9580] extDB3: SQL: Error MariaDBQueryException: You have an error in your SQL syntax; check the manual that corresponds to your MariaDB server version for the right syntax to use near 'FROM `candidates` INNER JOIN `players` ON `candidates`.`pid` = `players`.`pid...' at line 1
[18:41:12:252286 +01:00] [Thread 9580] extDB3: SQL: Error MariaDBQueryException: Input: UPDATE `candidates` SET `candidates`.`active`='0' FROM `candidates` INNER JOIN `players` ON `candidates`.`pid` = `players`.`pid` WHERE `players`.`group_id`='35';
[21:36:42:706593 +01:00] [Thread 9812] extDB3: SQL: Error MariaDBQueryException: You have an error in your SQL syntax; check the manual that corresponds to your MariaDB server version for the right syntax to use near 'FROM `candidates` INNER JOIN `players` ON `candidates`.`pid` = `players`.`pid...' at line 1
[21:36:42:706672 +01:00] [Thread 9812] extDB3: SQL: Error MariaDBQueryException: Input: UPDATE `candidates` SET `candidates`.`active`='0' FROM `candidates` INNER JOIN `players` ON `candidates`.`pid` = `players`.`pid` WHERE `players`.`group_id`='36';
[22:09:52:536630 +01:00] [Thread 14328] extDB3: SQL: Error MariaDBQueryException: You have an error in your SQL syntax; check the manual that corresponds to your MariaDB server version for the right syntax to use near 'an (Infantry Transport)`]"')' at line 1
[22:09:52:536708 +01:00] [Thread 14328] extDB3: SQL: Error MariaDBQueryException: Input: INSERT INTO `logs` (`event`, `pid`, `content`) VALUES('Money', '76561198157797444', '"[`Cash`,`Removed`,`350000`,`115650000`,`Kupno Y-32 Xi'an (Infantry Transport)`]"')
[22:35:43:031838 +01:00] [Thread 2928] extDB3: SQL: Error MariaDBQueryException: You have an error in your SQL syntax; check the manual that corresponds to your MariaDB server version for the right syntax to use near 'an (Vehicle Transport)`]"')' at line 1
[22:35:43:031913 +01:00] [Thread 2928] extDB3: SQL: Error MariaDBQueryException: Input: INSERT INTO `logs` (`event`, `pid`, `content`) VALUES('Money', '76561198821102665', '"[`Cash`,`Removed`,`1470000`,`125530000`,`Kupno Y-32 Xi'an (Vehicle Transport)`]"')
