
extDB3: https://bitbucket.org/torndeco/extdb3/wiki/Home
extDB3: Version: 1.033
extDB3: Windows Version
Message: All development for extDB3 is done on a Linux Dedicated Server
Message: If you would like to Donate to extDB3 Development
Message: https://www.paypal.com/cgi-bin/webscr?cmd=_s-xclick&hosted_button_id=2SUEFTGABTAM2
Message: Also leave a message if there is any particular feature you would like to see added.
Message: Thanks for all the people that have donated.
Message: Torndeco: 18/05/15

Message: This version was modified and include some improvement
Message: The lib was recompiled using new version of TBBMalloc, Boost and MariaDB connector
Message: The worker threads limitation was removed
Message: Steez: 30/10/2020


extDB3: Found extdb3-conf.ini
extDB3: Detected 16 Cores, Setting up 6 Worker Threads
extDB3: Detected 16 Cores, Setting up 16 Worker Threads
extDB3: ...
extDB3: ...
extDB3: ...
extDB3: ...
extDB3: ...
extDB3: ...
extDB3: ...
extDB3: ...
extDB3: ...
extDB3: ...
extDB3: ...
extDB3: ...
extDB3: ...
extDB3: ...
extDB3: ...
extDB3: ...


[00:19:18:181157 +01:00] [Thread 5516] extDB3: SQL: Initialized: Add Quotes around TEXT Datatypes mode: 2
[00:19:18:181188 +01:00] [Thread 5516] extDB3: SQL: Initialized: NULL = ""
[00:19:18:181203 +01:00] [Thread 5516] extDB3: Locked
[01:25:22:086763 +01:00] [Thread 21980] extDB3: SQL: Error MariaDBQueryException: You have an error in your SQL syntax; check the manual that corresponds to your MariaDB server version for the right syntax to use near 'an (Vehicle Transport)`]"')' at line 1
[01:25:22:086837 +01:00] [Thread 21980] extDB3: SQL: Error MariaDBQueryException: Input: INSERT INTO `logs` (`event`, `pid`, `content`) VALUES('Money', '76561198821102665', '"[`Cash`,`Removed`,`88740000`,`125530000`,`Kupno Y-32 Xi'an (Vehicle Transport)`]"')
