
extDB3: https://bitbucket.org/torndeco/extdb3/wiki/Home
extDB3: Version: 1.033
extDB3: Windows Version
Message: All development for extDB3 is done on a Linux Dedicated Server
Message: If you would like to Donate to extDB3 Development
Message: https://www.paypal.com/cgi-bin/webscr?cmd=_s-xclick&hosted_button_id=2SUEFTGABTAM2
Message: Also leave a message if there is any particular feature you would like to see added.
Message: Thanks for all the people that have donated.
Message: Torndeco: 18/05/15

Message: This version was modified and include some improvement
Message: The lib was recompiled using new version of TBBMalloc, Boost and MariaDB connector
Message: The worker threads limitation was removed
Message: Steez: 30/10/2020


extDB3: Found extdb3-conf.ini
extDB3: Detected 12 Cores, Setting up 6 Worker Threads
extDB3: Detected 12 Cores, Setting up 12 Worker Threads
extDB3: ...
extDB3: ...
extDB3: ...
extDB3: ...
extDB3: ...
extDB3: ...
extDB3: ...
extDB3: ...
extDB3: ...
extDB3: ...
extDB3: ...
extDB3: ...


[18:15:01:800300 +01:00] [Thread 19796] extDB3: SQL: Initialized: Add Quotes around TEXT Datatypes mode: 2
[18:15:01:800331 +01:00] [Thread 19796] extDB3: SQL: Initialized: NULL = ""
[18:15:01:800346 +01:00] [Thread 19796] extDB3: Locked
[19:26:52:150320 +01:00] [Thread 17024] extDB3: SQL: Error MariaDBQueryException: You have an error in your SQL syntax; check the manual that corresponds to your MariaDB server version for the right syntax to use near 'FROM `candidates` INNER JOIN `players` ON `candidates`.`pid` = `players`.`pid...' at line 1
[19:26:52:150465 +01:00] [Thread 17024] extDB3: SQL: Error MariaDBQueryException: Input: UPDATE `candidates` SET `candidates`.`active`='0' FROM `candidates` INNER JOIN `players` ON `candidates`.`pid` = `players`.`pid` WHERE `players`.`group_id`='2';
