
extDB3: https://bitbucket.org/torndeco/extdb3/wiki/Home
extDB3: Version: 1.033
extDB3: Windows Version
Message: All development for extDB3 is done on a Linux Dedicated Server
Message: If you would like to Donate to extDB3 Development
Message: https://www.paypal.com/cgi-bin/webscr?cmd=_s-xclick&hosted_button_id=2SUEFTGABTAM2
Message: Also leave a message if there is any particular feature you would like to see added.
Message: Thanks for all the people that have donated.
Message: Torndeco: 18/05/15

Message: This version was modified and include some improvement
Message: The lib was recompiled using new version of TBBMalloc, Boost and MariaDB connector
Message: The worker threads limitation was removed
Message: Steez: 30/10/2020


extDB3: Found extdb3-conf.ini
extDB3: Detected 12 Cores, Setting up 6 Worker Threads
extDB3: Detected 12 Cores, Setting up 12 Worker Threads
extDB3: ...
extDB3: ...
extDB3: ...
extDB3: ...
extDB3: ...
extDB3: ...
extDB3: ...
extDB3: ...
extDB3: ...
extDB3: ...
extDB3: ...
extDB3: ...


[20:02:54:529875 +01:00] [Thread 7884] extDB3: SQL: Initialized: Add Quotes around TEXT Datatypes mode: 2
[20:02:54:529905 +01:00] [Thread 7884] extDB3: SQL: Initialized: NULL = ""
[20:02:54:529918 +01:00] [Thread 7884] extDB3: Locked
[20:20:32:037418 +01:00] [Thread 7576] extDB3: SQL: Error MariaDBQueryException: You have an error in your SQL syntax; check the manual that corresponds to your MariaDB server version for the right syntax to use near 'FROM `candidates` INNER JOIN `players` ON `candidates`.`pid` = `players`.`pid...' at line 1
[20:20:32:037646 +01:00] [Thread 7576] extDB3: SQL: Error MariaDBQueryException: Input: UPDATE `candidates` SET `candidates`.`active`='0' FROM `candidates` INNER JOIN `players` ON `candidates`.`pid` = `players`.`pid` WHERE `players`.`group_id`='3';
[23:14:13:235723 +01:00] [Thread 13160] extDB3: SQL: Error MariaDBQueryException: You have an error in your SQL syntax; check the manual that corresponds to your MariaDB server version for the right syntax to use near 'FROM `candidates` INNER JOIN `players` ON `candidates`.`pid` = `players`.`pid...' at line 1
[23:14:13:235863 +01:00] [Thread 13160] extDB3: SQL: Error MariaDBQueryException: Input: UPDATE `candidates` SET `candidates`.`active`='0' FROM `candidates` INNER JOIN `players` ON `candidates`.`pid` = `players`.`pid` WHERE `players`.`group_id`='8';
