
extDB3: https://bitbucket.org/torndeco/extdb3/wiki/Home
extDB3: Version: 1.033
extDB3: Windows Version
Message: All development for extDB3 is done on a Linux Dedicated Server
Message: If you would like to Donate to extDB3 Development
Message: https://www.paypal.com/cgi-bin/webscr?cmd=_s-xclick&hosted_button_id=2SUEFTGABTAM2
Message: Also leave a message if there is any particular feature you would like to see added.
Message: Thanks for all the people that have donated.
Message: Torndeco: 18/05/15

Message: This version was modified and include some improvement
Message: The lib was recompiled using new version of TBBMalloc, Boost and MariaDB connector
Message: The worker threads limitation was removed
Message: Steez: 30/10/2020


extDB3: Found extdb3-conf.ini
extDB3: Detected 16 Cores, Setting up 6 Worker Threads
extDB3: Detected 16 Cores, Setting up 16 Worker Threads
extDB3: ...
extDB3: ...
extDB3: ...
extDB3: ...
extDB3: ...
extDB3: ...
extDB3: ...
extDB3: ...
extDB3: ...
extDB3: ...
extDB3: ...
extDB3: ...
extDB3: ...
extDB3: ...
extDB3: ...
extDB3: ...


[18:00:44:836466 +01:00] [Thread 13544] extDB3: SQL: Initialized: Add Quotes around TEXT Datatypes mode: 2
[18:00:44:836492 +01:00] [Thread 13544] extDB3: SQL: Initialized: NULL = ""
[18:00:44:836503 +01:00] [Thread 13544] extDB3: Locked
[18:21:52:860929 +01:00] [Thread 388] extDB3: SQL: Error MariaDBQueryException: You have an error in your SQL syntax; check the manual that corresponds to your MariaDB server version for the right syntax to use near 'FROM `candidates` INNER JOIN `players` ON `candidates`.`pid` = `players`.`pid...' at line 1
[18:21:52:861012 +01:00] [Thread 388] extDB3: SQL: Error MariaDBQueryException: Input: UPDATE `candidates` SET `candidates`.`active`='0' FROM `candidates` INNER JOIN `players` ON `candidates`.`pid` = `players`.`pid` WHERE `players`.`group_id`='44';
[18:28:03:642255 +01:00] [Thread 10360] extDB3: SQL: Error MariaDBQueryException: You have an error in your SQL syntax; check the manual that corresponds to your MariaDB server version for the right syntax to use near 'FROM `candidates` INNER JOIN `players` ON `candidates`.`pid` = `players`.`pid...' at line 1
[18:28:03:642295 +01:00] [Thread 10360] extDB3: SQL: Error MariaDBQueryException: Input: UPDATE `candidates` SET `candidates`.`active`='0' FROM `candidates` INNER JOIN `players` ON `candidates`.`pid` = `players`.`pid` WHERE `players`.`group_id`='45';
[19:53:26:916062 +01:00] [Thread 19384] extDB3: SQL: Error MariaDBQueryException: You have an error in your SQL syntax; check the manual that corresponds to your MariaDB server version for the right syntax to use near 'an (Infantry Transport)`]"')' at line 1
[19:53:26:916136 +01:00] [Thread 19384] extDB3: SQL: Error MariaDBQueryException: Input: INSERT INTO `logs` (`event`, `pid`, `content`) VALUES('Money', '76561198061462483', '"[`Cash`,`Removed`,`667328`,`115650000`,`Kupno Y-32 Xi'an (Infantry Transport)`]"')
