
extDB3: https://bitbucket.org/torndeco/extdb3/wiki/Home
extDB3: Version: 1.033
extDB3: Windows Version
Message: All development for extDB3 is done on a Linux Dedicated Server
Message: If you would like to Donate to extDB3 Development
Message: https://www.paypal.com/cgi-bin/webscr?cmd=_s-xclick&hosted_button_id=2SUEFTGABTAM2
Message: Also leave a message if there is any particular feature you would like to see added.
Message: Thanks for all the people that have donated.
Message: Torndeco: 18/05/15

Message: This version was modified and include some improvement
Message: The lib was recompiled using new version of TBBMalloc, Boost and MariaDB connector
Message: The worker threads limitation was removed
Message: Steez: 30/10/2020


extDB3: Found extdb3-conf.ini
extDB3: Detected 16 Cores, Setting up 6 Worker Threads
extDB3: Detected 16 Cores, Setting up 16 Worker Threads
extDB3: ...
extDB3: ...
extDB3: ...
extDB3: ...
extDB3: ...
extDB3: ...
extDB3: ...
extDB3: ...
extDB3: ...
extDB3: ...
extDB3: ...
extDB3: ...
extDB3: ...
extDB3: ...
extDB3: ...
extDB3: ...


[00:00:42:893324 +01:00] [Thread 19496] extDB3: SQL: Initialized: Add Quotes around TEXT Datatypes mode: 2
[00:00:42:893355 +01:00] [Thread 19496] extDB3: SQL: Initialized: NULL = ""
[00:00:42:893368 +01:00] [Thread 19496] extDB3: Locked
[03:30:22:561958 +01:00] [Thread 1124] extDB3: SQL: Error MariaDBQueryException: Duplicate entry '838' for key 'PRIMARY'
[03:30:22:562042 +01:00] [Thread 1124] extDB3: SQL: Error MariaDBQueryException: Input: INSERT INTO `vehicles` (`id`, `pid`, `faction`, `classname`, `type`, `texture`, `active`) VALUES ('838', '76561198061391379', 'Civilian', 'C_Tractor_01_F', 'Car', 'Green', '1');
[03:30:29:746357 +01:00] [Thread 5556] extDB3: SQL: Error MariaDBQueryException: Duplicate entry '839' for key 'PRIMARY'
[03:30:29:746391 +01:00] [Thread 5556] extDB3: SQL: Error MariaDBQueryException: Input: INSERT INTO `vehicles` (`id`, `pid`, `faction`, `classname`, `type`, `texture`, `active`) VALUES ('839', '76561198016923286', 'Civilian', 'C_Tractor_01_F', 'Car', 'Red', '1');
[03:34:06:615659 +01:00] [Thread 20468] extDB3: SQL: Error MariaDBQueryException: Duplicate entry '840' for key 'PRIMARY'
[03:34:06:615700 +01:00] [Thread 20468] extDB3: SQL: Error MariaDBQueryException: Input: INSERT INTO `vehicles` (`id`, `pid`, `faction`, `classname`, `type`, `texture`, `active`) VALUES ('840', '76561198061391379', 'Civilian', 'B_Truck_01_box_F', 'Car', 'Sand', '1');
