
extDB3: https://bitbucket.org/torndeco/extdb3/wiki/Home
extDB3: Version: 1.033
extDB3: Windows Version
Message: All development for extDB3 is done on a Linux Dedicated Server
Message: If you would like to Donate to extDB3 Development
Message: https://www.paypal.com/cgi-bin/webscr?cmd=_s-xclick&hosted_button_id=2SUEFTGABTAM2
Message: Also leave a message if there is any particular feature you would like to see added.
Message: Thanks for all the people that have donated.
Message: Torndeco: 18/05/15

Message: This version was modified and include some improvement
Message: The lib was recompiled using new version of TBBMalloc, Boost and MariaDB connector
Message: The worker threads limitation was removed
Message: Steez: 30/10/2020


extDB3: Found extdb3-conf.ini
extDB3: Detected 16 Cores, Setting up 6 Worker Threads
extDB3: Detected 16 Cores, Setting up 16 Worker Threads
extDB3: ...
extDB3: ...
extDB3: ...
extDB3: ...
extDB3: ...
extDB3: ...
extDB3: ...
extDB3: ...
extDB3: ...
extDB3: ...
extDB3: ...
extDB3: ...
extDB3: ...
extDB3: ...
extDB3: ...
extDB3: ...


[12:00:37:706629 +01:00] [Thread 16516] extDB3: SQL: Initialized: Add Quotes around TEXT Datatypes mode: 2
[12:00:37:706660 +01:00] [Thread 16516] extDB3: SQL: Initialized: NULL = ""
[12:00:37:706673 +01:00] [Thread 16516] extDB3: Locked
[14:12:22:137497 +01:00] [Thread 9336] extDB3: SQL: Error MariaDBQueryException: You have an error in your SQL syntax; check the manual that corresponds to your MariaDB server version for the right syntax to use near 'FROM `candidates` INNER JOIN `players` ON `candidates`.`pid` = `players`.`pid...' at line 1
[14:12:22:137575 +01:00] [Thread 9336] extDB3: SQL: Error MariaDBQueryException: Input: UPDATE `candidates` SET `candidates`.`active`='0' FROM `candidates` INNER JOIN `players` ON `candidates`.`pid` = `players`.`pid` WHERE `players`.`group_id`='41';
[15:18:19:610391 +01:00] [Thread 11544] extDB3: SQL: Error MariaDBQueryException: You have an error in your SQL syntax; check the manual that corresponds to your MariaDB server version for the right syntax to use near 'an (Infantry Transport)`]"')' at line 1
[15:18:19:610484 +01:00] [Thread 11544] extDB3: SQL: Error MariaDBQueryException: Input: INSERT INTO `logs` (`event`, `pid`, `content`) VALUES('Money', '76561198804549158', '"[`Cash`,`Removed`,`103865360`,`115650000`,`Kupno Y-32 Xi'an (Infantry Transport)`]"')
